<?xml version="1.0" encoding="UTF-8"?>
<testsuite name="hello.AppTest" tests="1" skipped="0" failures="0" errors="0" timestamp="2023-02-20T16:06:02" hostname="debian-laptop" time="0.004">
  <properties/>
  <testcase name="appHasAGreeting" classname="hello.AppTest" time="0.004"/>
  <system-out><![CDATA[]]></system-out>
  <system-err><![CDATA[]]></system-err>
</testsuite>
